<?xml version="1.0" encoding="UTF-8"?>
<!-- Generated by org.testng.reporters.JUnitReportReporter -->
<testsuite hostname="GOWTHAMVASUDEVAN" failures="0" tests="12" name="org.test.FlipkartExe" time="33.105" errors="0" timestamp="28 Dec 2020 17:27:51 GMT" skipped="1">
  <testcase classname="org.test.FlipkartExe" name="testcase4" time="14.803"/>
  <testcase classname="org.test.FlipkartExe" name="testcase6" time="1.565"/>
  <testcase classname="org.test.FlipkartExe" name="testcase6" time="0.971"/>
  <testcase classname="org.test.FlipkartExe" name="testcase6" time="1.192"/>
  <testcase classname="org.test.FlipkartExe" name="testcase2" time="1.250"/>
  <testcase classname="org.test.FlipkartExe" name="testcase2" time="0.903"/>
  <testcase classname="org.test.FlipkartExe" name="testcase2" time="1.328"/>
  <testcase classname="org.test.FlipkartExe" name="testcase2" time="0.993"/>
  <testcase classname="org.test.FlipkartExe" name="testcase5" time="0.997"/>
  <testcase classname="org.test.FlipkartExe" name="testcase1" time="7.710"/>
  <testcase classname="org.test.FlipkartExe" name="testcase1" time="1.393"/>
  <testcase classname="org.test.FlipkartExe" name="testcase3">
    <skipped/>
  </testcase> <!-- testcase3 -->
</testsuite> <!-- org.test.FlipkartExe -->
